<?xml version="1.0" encoding="UTF-8"?>
<!-- Generated by org.testng.reporters.JUnitReportReporter -->
<testsuite hostname="Arno" failures="0" tests="1" name="com.bd.IqunixWebAutomation" time="24.534" errors="0" timestamp="2023-02-27T17:49:39 BDT" skipped="0">
  <testcase classname="com.bd.IqunixWebAutomation" name="webTest" time="24.534"/>
  <system-out/>
</testsuite> <!-- com.bd.IqunixWebAutomation -->
