<?xml version="1.0" encoding="UTF-8"?>
<!-- Generated by org.testng.reporters.JUnitReportReporter -->
<testsuite hostname="Arno" failures="0" tests="1" name="com.bd.OikkoWebAutomation" time="13.499" errors="0" timestamp="2023-02-27T19:48:57 BDT" skipped="0">
  <testcase classname="com.bd.OikkoWebAutomation" name="webTest" time="13.499"/>
  <system-out/>
</testsuite> <!-- com.bd.OikkoWebAutomation -->
