<?xml version="1.0" encoding="UTF-8"?>
<!-- Generated by org.testng.reporters.JUnitReportReporter -->
<testsuite hostname="Arno" failures="0" tests="1" name="com.bd.LocatorIdentifyOfIqunix" time="24.334" errors="0" timestamp="2023-02-27T07:04:26 BDT" skipped="0">
  <testcase classname="com.bd.LocatorIdentifyOfIqunix" name="testLocator" time="24.334"/>
  <system-out/>
</testsuite> <!-- com.bd.LocatorIdentifyOfIqunix -->
