<?xml version="1.0" encoding="UTF-8"?>
<!-- Generated by org.testng.reporters.JUnitReportReporter -->
<testsuite hostname="Arno" failures="0" tests="1" name="com.bd.OikkoWebAutomation" time="14.132" errors="0" timestamp="2023-02-27T20:58:23 BDT" skipped="0">
  <testcase classname="com.bd.OikkoWebAutomation" name="webTest" time="14.132"/>
  <system-out/>
</testsuite> <!-- com.bd.OikkoWebAutomation -->
